cloud_classroom/build/app/intermediates/manifest_merge_blame_file/release/manifest-merger-blame-release-report.txt
1<?xml version="1.0" encoding="utf-8"?>
2<manifest xmlns:android="http://schemas.android.com/apk/res/android"
3    package="com.lambiengcode.whoru"
4    android:versionCode="1"
5    android:versionName="1.0.0" >
6
7    <uses-sdk
8        android:minSdkVersion="21"
8-->src/main/AndroidManifest.xml
9        android:targetSdkVersion="29" />
9-->src/main/AndroidManifest.xml
10
11    <uses-permission android:name="android.permission.READ_PHONE_STATE" />
11-->src/main/AndroidManifest.xml:3:5-75
11-->src/main/AndroidManifest.xml:3:22-72
12    <uses-permission android:name="android.permission.INTERNET" />
12-->src/main/AndroidManifest.xml:4:5-67
12-->src/main/AndroidManifest.xml:4:22-64
13    <uses-permission android:name="android.permission.RECORD_AUDIO" />
13-->src/main/AndroidManifest.xml:5:5-71
13-->src/main/AndroidManifest.xml:5:22-68
14    <uses-permission android:name="android.permission.CAMERA" />
14-->src/main/AndroidManifest.xml:6:5-65
14-->src/main/AndroidManifest.xml:6:22-62
15    <uses-permission android:name="android.permission.MODIFY_AUDIO_SETTINGS" />
15-->src/main/AndroidManifest.xml:7:5-80
15-->src/main/AndroidManifest.xml:7:22-77
16    <uses-permission android:name="android.permission.ACCESS_NETWORK_STATE" />
16-->src/main/AndroidManifest.xml:8:5-79
16-->src/main/AndroidManifest.xml:8:22-76
17    <uses-permission android:name="android.permission.BLUETOOTH" />
17-->src/main/AndroidManifest.xml:9:5-68
17-->src/main/AndroidManifest.xml:9:22-65
18    <uses-permission android:name="android.permission.ACCESS_WIFI_STATE" />
18-->src/main/AndroidManifest.xml:10:5-76
18-->src/main/AndroidManifest.xml:10:22-73
19    // Add the following permission if your scenario involves reading the external storage:
20    <uses-permission android:name="android.permission.READ_EXTERNAL_STORAGE" />
20-->src/main/AndroidManifest.xml:12:5-80
20-->src/main/AndroidManifest.xml:12:22-77
21    <uses-permission android:name="android.permission.WAKE_LOCK" />
21-->src/main/AndroidManifest.xml:13:5-68
21-->src/main/AndroidManifest.xml:13:22-65
22    <uses-permission android:name="android.permission.FOREGROUND_SERVICE" />
22-->src/main/AndroidManifest.xml:14:5-76
22-->src/main/AndroidManifest.xml:14:22-74
23    <uses-permission android:name="android.permission.WRITE_EXTERNAL_STORAGE" /> <!-- Required by older versions of Google Play services to create IID tokens -->
23-->[:image_picker] AndroidManifest.xml:8:5-81
23-->[:image_picker] AndroidManifest.xml:8:22-78
24    <uses-permission android:name="com.google.android.c2dm.permission.RECEIVE" />
24-->[com.google.firebase:firebase-iid:20.3.0] AndroidManifest.xml:26:5-82
24-->[com.google.firebase:firebase-iid:20.3.0] AndroidManifest.xml:26:22-79
25    <uses-permission android:name="com.google.android.finsky.permission.BIND_GET_INSTALL_REFERRER_SERVICE" />
25-->[com.google.android.gms:play-services-measurement:17.6.0] AndroidManifest.xml:26:5-110
25-->[com.google.android.gms:play-services-measurement:17.6.0] AndroidManifest.xml:26:22-107
26
27    <application
27-->src/main/AndroidManifest.xml:15:4-56:19
28        android:appComponentFactory="androidx.core.app.CoreComponentFactory"
28-->[androidx.core:core:1.1.0] AndroidManifest.xml:24:18-86
29        android:icon="@mipmap/ic_launcher"
29-->src/main/AndroidManifest.xml:17:9-43
30        android:label="Cloud School" >
30-->src/main/AndroidManifest.xml:16:9-37
31        <activity
31-->src/main/AndroidManifest.xml:18:9-50:20
32            android:name="com.lambiengcode.whoru.MainActivity"
32-->src/main/AndroidManifest.xml:19:13-41
33            android:configChanges="orientation|keyboardHidden|keyboard|screenSize|smallestScreenSize|locale|layoutDirection|fontScale|screenLayout|density|uiMode"
33-->src/main/AndroidManifest.xml:22:13-163
34            android:hardwareAccelerated="true"
34-->src/main/AndroidManifest.xml:23:13-47
35            android:launchMode="singleTop"
35-->src/main/AndroidManifest.xml:20:13-43
36            android:theme="@style/LaunchTheme"
36-->src/main/AndroidManifest.xml:21:13-47
37            android:windowSoftInputMode="adjustResize" >
37-->src/main/AndroidManifest.xml:24:13-55
38
39            <!--
40                 Specifies an Android theme to apply to this Activity as soon as
41                 the Android process has started. This theme is visible to the user
42                 while the Flutter UI initializes. After that, this theme continues
43                 to determine the Window background behind the Flutter UI.
44            -->
45            <meta-data
45-->src/main/AndroidManifest.xml:29:13-32:17
46                android:name="io.flutter.embedding.android.NormalTheme"
46-->src/main/AndroidManifest.xml:30:15-70
47                android:resource="@style/NormalTheme" />
47-->src/main/AndroidManifest.xml:31:15-52
48            <!--
49                 Displays an Android View that continues showing the launch screen
50                 Drawable until Flutter paints its first frame, then this splash
51                 screen fades out. A splash screen is useful to avoid any visual
52                 gap between the end of Android's launch screen and the painting of
53                 Flutter's first frame.
54            -->
55            <meta-data
55-->src/main/AndroidManifest.xml:38:13-41:17
56                android:name="io.flutter.embedding.android.SplashScreenDrawable"
56-->src/main/AndroidManifest.xml:39:15-79
57                android:resource="@drawable/launch_background" />
57-->src/main/AndroidManifest.xml:40:15-61
58
59            <intent-filter>
59-->src/main/AndroidManifest.xml:42:13-45:29
60                <action android:name="android.intent.action.MAIN" />
60-->src/main/AndroidManifest.xml:43:17-68
60-->src/main/AndroidManifest.xml:43:25-66
61
62                <category android:name="android.intent.category.LAUNCHER" />
62-->src/main/AndroidManifest.xml:44:17-76
62-->src/main/AndroidManifest.xml:44:27-74
63            </intent-filter>
64            <intent-filter>
64-->src/main/AndroidManifest.xml:46:13-49:29
65                <action android:name="FLUTTER_NOTIFICATION_CLICK" />
65-->src/main/AndroidManifest.xml:47:17-69
65-->src/main/AndroidManifest.xml:47:25-66
66
67                <category android:name="android.intent.category.DEFAULT" />
67-->src/main/AndroidManifest.xml:48:17-76
67-->src/main/AndroidManifest.xml:48:27-73
68            </intent-filter>
69        </activity>
70        <!--
71             Don't delete the meta-data below.
72             This is used by the Flutter tool to generate GeneratedPluginRegistrant.java
73        -->
74        <meta-data
74-->src/main/AndroidManifest.xml:53:9-55:33
75            android:name="flutterEmbedding"
75-->src/main/AndroidManifest.xml:54:13-44
76            android:value="2" />
76-->src/main/AndroidManifest.xml:55:13-30
77
78        <service
78-->[:cloud_firestore] AndroidManifest.xml:8:9-12:19
79            android:name="com.google.firebase.components.ComponentDiscoveryService"
79-->[:cloud_firestore] AndroidManifest.xml:8:18-89
80            android:directBootAware="true"
80-->[com.google.firebase:firebase-common:19.3.1] AndroidManifest.xml:35:13-43
81            android:exported="false" >
81-->[com.google.firebase:firebase-messaging:20.3.0] AndroidManifest.xml:38:13-37
82            <meta-data
82-->[:cloud_firestore] AndroidManifest.xml:9:13-11:85
83                android:name="com.google.firebase.components:io.flutter.plugins.firebase.cloudfirestore.FlutterFirebaseAppRegistrar"
83-->[:cloud_firestore] AndroidManifest.xml:10:17-133
84                android:value="com.google.firebase.components.ComponentRegistrar" />
84-->[:cloud_firestore] AndroidManifest.xml:11:17-82
85            <meta-data
85-->[:cloud_functions] AndroidManifest.xml:9:13-11:85
86                android:name="com.google.firebase.components:io.flutter.plugins.firebase.cloudfunctions.FlutterFirebaseAppRegistrar"
86-->[:cloud_functions] AndroidManifest.xml:10:17-133
87                android:value="com.google.firebase.components.ComponentRegistrar" />
87-->[:cloud_functions] AndroidManifest.xml:11:17-82
88            <meta-data
88-->[:firebase_auth] AndroidManifest.xml:9:13-11:85
89                android:name="com.google.firebase.components:io.flutter.plugins.firebaseauth.FlutterFirebaseAppRegistrar"
89-->[:firebase_auth] AndroidManifest.xml:10:17-122
90                android:value="com.google.firebase.components.ComponentRegistrar" />
90-->[:firebase_auth] AndroidManifest.xml:11:17-82
91            <meta-data
91-->[:firebase_storage] AndroidManifest.xml:9:13-11:85
92                android:name="com.google.firebase.components:io.flutter.plugins.firebase.storage.FlutterFirebaseAppRegistrar"
92-->[:firebase_storage] AndroidManifest.xml:10:17-126
93                android:value="com.google.firebase.components.ComponentRegistrar" />
93-->[:firebase_storage] AndroidManifest.xml:11:17-82
94            <meta-data
94-->[:firebase_core] AndroidManifest.xml:9:13-11:85
95                android:name="com.google.firebase.components:io.flutter.plugins.firebase.core.FlutterFirebaseAppRegistrar"
95-->[:firebase_core] AndroidManifest.xml:10:17-123
96                android:value="com.google.firebase.components.ComponentRegistrar" />
96-->[:firebase_core] AndroidManifest.xml:11:17-82
97            <meta-data
97-->[:firebase_messaging] AndroidManifest.xml:14:13-16:85
98                android:name="com.google.firebase.components:io.flutter.plugins.firebasemessaging.FlutterFirebaseAppRegistrar"
98-->[:firebase_messaging] AndroidManifest.xml:15:17-127
99                android:value="com.google.firebase.components.ComponentRegistrar" />
99-->[:firebase_messaging] AndroidManifest.xml:16:17-82
100            <meta-data
100-->[com.google.firebase:firebase-messaging:20.3.0] AndroidManifest.xml:39:13-41:85
101                android:name="com.google.firebase.components:com.google.firebase.messaging.FirebaseMessagingRegistrar"
101-->[com.google.firebase:firebase-messaging:20.3.0] AndroidManifest.xml:40:17-119
102                android:value="com.google.firebase.components.ComponentRegistrar" />
102-->[com.google.firebase:firebase-messaging:20.3.0] AndroidManifest.xml:41:17-82
103            <meta-data
103-->[com.google.firebase:firebase-functions:19.1.0] AndroidManifest.xml:18:13-20:85
104                android:name="com.google.firebase.components:com.google.firebase.functions.FunctionsRegistrar"
104-->[com.google.firebase:firebase-functions:19.1.0] AndroidManifest.xml:19:17-111
105                android:value="com.google.firebase.components.ComponentRegistrar" />
105-->[com.google.firebase:firebase-functions:19.1.0] AndroidManifest.xml:20:17-82
106            <meta-data
106-->[com.google.firebase:firebase-auth:19.4.0] AndroidManifest.xml:36:13-38:85
107                android:name="com.google.firebase.components:com.google.firebase.auth.FirebaseAuthRegistrar"
107-->[com.google.firebase:firebase-auth:19.4.0] AndroidManifest.xml:37:17-109
108                android:value="com.google.firebase.components.ComponentRegistrar" />
108-->[com.google.firebase:firebase-auth:19.4.0] AndroidManifest.xml:38:17-82
109            <meta-data
109-->[com.google.firebase:firebase-storage:19.2.0] AndroidManifest.xml:33:13-35:85
110                android:name="com.google.firebase.components:com.google.firebase.storage.StorageRegistrar"
110-->[com.google.firebase:firebase-storage:19.2.0] AndroidManifest.xml:34:17-107
111                android:value="com.google.firebase.components.ComponentRegistrar" />
111-->[com.google.firebase:firebase-storage:19.2.0] AndroidManifest.xml:35:17-82
112            <meta-data
112-->[com.google.firebase:firebase-firestore:21.7.1] AndroidManifest.xml:20:13-22:85
113                android:name="com.google.firebase.components:com.google.firebase.firestore.FirestoreRegistrar"
113-->[com.google.firebase:firebase-firestore:21.7.1] AndroidManifest.xml:21:17-111
114                android:value="com.google.firebase.components.ComponentRegistrar" />
114-->[com.google.firebase:firebase-firestore:21.7.1] AndroidManifest.xml:22:17-82
115            <meta-data
115-->[com.google.firebase:firebase-datatransport:17.0.3] AndroidManifest.xml:28:13-30:85
116                android:name="com.google.firebase.components:com.google.firebase.datatransport.TransportRegistrar"
116-->[com.google.firebase:firebase-datatransport:17.0.3] AndroidManifest.xml:29:17-115
117                android:value="com.google.firebase.components.ComponentRegistrar" />
117-->[com.google.firebase:firebase-datatransport:17.0.3] AndroidManifest.xml:30:17-82
118            <meta-data
118-->[com.google.firebase:firebase-iid:20.3.0] AndroidManifest.xml:32:13-34:85
119                android:name="com.google.firebase.components:com.google.firebase.iid.Registrar"
119-->[com.google.firebase:firebase-iid:20.3.0] AndroidManifest.xml:33:17-96
120                android:value="com.google.firebase.components.ComponentRegistrar" />
120-->[com.google.firebase:firebase-iid:20.3.0] AndroidManifest.xml:34:17-82
121            <meta-data
121-->[com.google.android.gms:play-services-measurement-api:17.6.0] AndroidManifest.xml:30:13-32:85
122                android:name="com.google.firebase.components:com.google.firebase.analytics.connector.internal.AnalyticsConnectorRegistrar"
122-->[com.google.android.gms:play-services-measurement-api:17.6.0] AndroidManifest.xml:31:17-139
123                android:value="com.google.firebase.components.ComponentRegistrar" />
123-->[com.google.android.gms:play-services-measurement-api:17.6.0] AndroidManifest.xml:32:17-82
124            <meta-data
124-->[com.google.firebase:firebase-installations:16.3.3] AndroidManifest.xml:17:13-19:85
125                android:name="com.google.firebase.components:com.google.firebase.installations.FirebaseInstallationsRegistrar"
125-->[com.google.firebase:firebase-installations:16.3.3] AndroidManifest.xml:18:17-127
126                android:value="com.google.firebase.components.ComponentRegistrar" />
126-->[com.google.firebase:firebase-installations:16.3.3] AndroidManifest.xml:19:17-82
127        </service>
128
129        <provider
129-->[:image_picker] AndroidManifest.xml:11:9-19:20
130            android:name="io.flutter.plugins.imagepicker.ImagePickerFileProvider"
130-->[:image_picker] AndroidManifest.xml:12:13-82
131            android:authorities="com.lambiengcode.whoru.flutter.image_provider"
131-->[:image_picker] AndroidManifest.xml:13:13-74
132            android:exported="false"
132-->[:image_picker] AndroidManifest.xml:14:13-37
133            android:grantUriPermissions="true" >
133-->[:image_picker] AndroidManifest.xml:15:13-47
134            <meta-data
134-->[:image_picker] AndroidManifest.xml:16:13-18:75
135                android:name="android.support.FILE_PROVIDER_PATHS"
135-->[:image_picker] AndroidManifest.xml:17:17-67
136                android:resource="@xml/flutter_image_picker_file_paths" />
136-->[:image_picker] AndroidManifest.xml:18:17-72
137        </provider>
138
139        <service android:name="io.flutter.plugins.firebasemessaging.FlutterFirebaseMessagingService" >
139-->[:firebase_messaging] AndroidManifest.xml:8:9-12:19
139-->[:firebase_messaging] AndroidManifest.xml:8:18-101
140            <intent-filter>
140-->[:firebase_messaging] AndroidManifest.xml:9:13-11:29
141                <action android:name="com.google.firebase.MESSAGING_EVENT" />
141-->[:firebase_messaging] AndroidManifest.xml:10:17-78
141-->[:firebase_messaging] AndroidManifest.xml:10:25-75
142            </intent-filter>
143        </service>
144        <!--
145             FirebaseMessagingService performs security checks at runtime,
146             but set to not exported to explicitly avoid allowing another app to call it.
147        -->
148        <service
148-->[com.google.firebase:firebase-messaging:20.3.0] AndroidManifest.xml:28:9-35:19
149            android:name="com.google.firebase.messaging.FirebaseMessagingService"
149-->[com.google.firebase:firebase-messaging:20.3.0] AndroidManifest.xml:29:13-82
150            android:directBootAware="true"
150-->[com.google.firebase:firebase-messaging:20.3.0] AndroidManifest.xml:30:13-43
151            android:exported="false" >
151-->[com.google.firebase:firebase-messaging:20.3.0] AndroidManifest.xml:31:13-37
152            <intent-filter android:priority="-500" >
152-->[:firebase_messaging] AndroidManifest.xml:9:13-11:29
153                <action android:name="com.google.firebase.MESSAGING_EVENT" />
153-->[:firebase_messaging] AndroidManifest.xml:10:17-78
153-->[:firebase_messaging] AndroidManifest.xml:10:25-75
154            </intent-filter>
155        </service>
156
157        <activity
157-->[com.google.firebase:firebase-auth:19.4.0] AndroidManifest.xml:24:9-31:50
158            android:name="com.google.firebase.auth.internal.FederatedSignInActivity"
158-->[com.google.firebase:firebase-auth:19.4.0] AndroidManifest.xml:25:13-85
159            android:excludeFromRecents="true"
159-->[com.google.firebase:firebase-auth:19.4.0] AndroidManifest.xml:26:13-46
160            android:exported="true"
160-->[com.google.firebase:firebase-auth:19.4.0] AndroidManifest.xml:27:13-36
161            android:launchMode="singleTask"
161-->[com.google.firebase:firebase-auth:19.4.0] AndroidManifest.xml:28:13-44
162            android:permission="com.google.firebase.auth.api.gms.permission.LAUNCH_FEDERATED_SIGN_IN"
162-->[com.google.firebase:firebase-auth:19.4.0] AndroidManifest.xml:29:13-102
163            android:theme="@android:style/Theme.Translucent.NoTitleBar" />
163-->[com.google.firebase:firebase-auth:19.4.0] AndroidManifest.xml:30:13-72
164
165        <receiver
165-->[com.google.firebase:firebase-iid:20.3.0] AndroidManifest.xml:37:9-44:20
166            android:name="com.google.firebase.iid.FirebaseInstanceIdReceiver"
166-->[com.google.firebase:firebase-iid:20.3.0] AndroidManifest.xml:38:13-78
167            android:exported="true"
167-->[com.google.firebase:firebase-iid:20.3.0] AndroidManifest.xml:39:13-36
168            android:permission="com.google.android.c2dm.permission.SEND" >
168-->[com.google.firebase:firebase-iid:20.3.0] AndroidManifest.xml:40:13-73
169            <intent-filter>
169-->[com.google.firebase:firebase-iid:20.3.0] AndroidManifest.xml:41:13-43:29
170                <action android:name="com.google.android.c2dm.intent.RECEIVE" />
170-->[com.google.firebase:firebase-iid:20.3.0] AndroidManifest.xml:42:17-81
170-->[com.google.firebase:firebase-iid:20.3.0] AndroidManifest.xml:42:25-78
171            </intent-filter>
172        </receiver>
173
174        <provider
174-->[com.google.firebase:firebase-common:19.3.1] AndroidManifest.xml:26:9-31:39
175            android:name="com.google.firebase.provider.FirebaseInitProvider"
175-->[com.google.firebase:firebase-common:19.3.1] AndroidManifest.xml:27:13-77
176            android:authorities="com.lambiengcode.whoru.firebaseinitprovider"
176-->[com.google.firebase:firebase-common:19.3.1] AndroidManifest.xml:28:13-72
177            android:directBootAware="true"
177-->[com.google.firebase:firebase-common:19.3.1] AndroidManifest.xml:29:13-43
178            android:exported="false"
178-->[com.google.firebase:firebase-common:19.3.1] AndroidManifest.xml:30:13-37
179            android:initOrder="100" />
179-->[com.google.firebase:firebase-common:19.3.1] AndroidManifest.xml:31:13-36
180
181        <receiver
181-->[com.google.android.gms:play-services-measurement:17.6.0] AndroidManifest.xml:29:9-33:20
182            android:name="com.google.android.gms.measurement.AppMeasurementReceiver"
182-->[com.google.android.gms:play-services-measurement:17.6.0] AndroidManifest.xml:30:13-85
183            android:enabled="true"
183-->[com.google.android.gms:play-services-measurement:17.6.0] AndroidManifest.xml:31:13-35
184            android:exported="false" >
184-->[com.google.android.gms:play-services-measurement:17.6.0] AndroidManifest.xml:32:13-37
185        </receiver>
186
187        <service
187-->[com.google.android.gms:play-services-measurement:17.6.0] AndroidManifest.xml:35:9-38:40
188            android:name="com.google.android.gms.measurement.AppMeasurementService"
188-->[com.google.android.gms:play-services-measurement:17.6.0] AndroidManifest.xml:36:13-84
189            android:enabled="true"
189-->[com.google.android.gms:play-services-measurement:17.6.0] AndroidManifest.xml:37:13-35
190            android:exported="false" />
190-->[com.google.android.gms:play-services-measurement:17.6.0] AndroidManifest.xml:38:13-37
191        <service
191-->[com.google.android.gms:play-services-measurement:17.6.0] AndroidManifest.xml:39:9-43:72
192            android:name="com.google.android.gms.measurement.AppMeasurementJobService"
192-->[com.google.android.gms:play-services-measurement:17.6.0] AndroidManifest.xml:40:13-87
193            android:enabled="true"
193-->[com.google.android.gms:play-services-measurement:17.6.0] AndroidManifest.xml:41:13-35
194            android:exported="false"
194-->[com.google.android.gms:play-services-measurement:17.6.0] AndroidManifest.xml:42:13-37
195            android:permission="android.permission.BIND_JOB_SERVICE" />
195-->[com.google.android.gms:play-services-measurement:17.6.0] AndroidManifest.xml:43:13-69
196
197        <activity
197-->[com.google.android.gms:play-services-base:17.1.0] AndroidManifest.xml:23:9-26:75
198            android:name="com.google.android.gms.common.api.GoogleApiActivity"
198-->[com.google.android.gms:play-services-base:17.1.0] AndroidManifest.xml:24:13-79
199            android:exported="false"
199-->[com.google.android.gms:play-services-base:17.1.0] AndroidManifest.xml:25:13-37
200            android:theme="@android:style/Theme.Translucent.NoTitleBar" />
200-->[com.google.android.gms:play-services-base:17.1.0] AndroidManifest.xml:26:13-72
201
202        <meta-data
202-->[com.google.android.gms:play-services-basement:17.0.0] AndroidManifest.xml:23:9-25:69
203            android:name="com.google.android.gms.version"
203-->[com.google.android.gms:play-services-basement:17.0.0] AndroidManifest.xml:24:13-58
204            android:value="@integer/google_play_services_version" />
204-->[com.google.android.gms:play-services-basement:17.0.0] AndroidManifest.xml:25:13-66
205
206        <service
206-->[com.google.android.datatransport:transport-backend-cct:2.2.0] AndroidManifest.xml:29:9-35:19
207            android:name="com.google.android.datatransport.runtime.backends.TransportBackendDiscovery"
207-->[com.google.android.datatransport:transport-backend-cct:2.2.0] AndroidManifest.xml:30:13-103
208            android:exported="false" >
208-->[com.google.android.datatransport:transport-backend-cct:2.2.0] AndroidManifest.xml:31:13-37
209            <meta-data
209-->[com.google.android.datatransport:transport-backend-cct:2.2.0] AndroidManifest.xml:32:13-34:39
210                android:name="backend:com.google.android.datatransport.cct.CctBackendFactory"
210-->[com.google.android.datatransport:transport-backend-cct:2.2.0] AndroidManifest.xml:33:17-94
211                android:value="cct" />
211-->[com.google.android.datatransport:transport-backend-cct:2.2.0] AndroidManifest.xml:34:17-36
212        </service>
213        <service
213-->[com.google.android.datatransport:transport-runtime:2.2.0] AndroidManifest.xml:26:9-30:19
214            android:name="com.google.android.datatransport.runtime.scheduling.jobscheduling.JobInfoSchedulerService"
214-->[com.google.android.datatransport:transport-runtime:2.2.0] AndroidManifest.xml:27:13-117
215            android:exported="false"
215-->[com.google.android.datatransport:transport-runtime:2.2.0] AndroidManifest.xml:28:13-37
216            android:permission="android.permission.BIND_JOB_SERVICE" >
216-->[com.google.android.datatransport:transport-runtime:2.2.0] AndroidManifest.xml:29:13-69
217        </service>
218
219        <receiver
219-->[com.google.android.datatransport:transport-runtime:2.2.0] AndroidManifest.xml:32:9-34:40
220            android:name="com.google.android.datatransport.runtime.scheduling.jobscheduling.AlarmManagerSchedulerBroadcastReceiver"
220-->[com.google.android.datatransport:transport-runtime:2.2.0] AndroidManifest.xml:33:13-132
221            android:exported="false" />
221-->[com.google.android.datatransport:transport-runtime:2.2.0] AndroidManifest.xml:34:13-37
222    </application>
223
224</manifest>